[2025-08-11 17:02:12] [main] INFO  scripts.AddEmployeeTest - === BẮT ĐẦU TEST: addEmployeeTest với dữ liệu: First 925 Last 90 ===
[2025-08-11 17:02:12] [main] INFO  scripts.AddEmployeeTest - B1: Đăng nhập với tài khoản Admin
[2025-08-11 17:02:14] [main] INFO  scripts.AddEmployeeTest - B2: Điều hướng đến trang PIM
[2025-08-11 17:02:17] [main] INFO  scripts.AddEmployeeTest - B3: Mở trang Add Employee
[2025-08-11 17:02:19] [main] INFO  scripts.AddEmployeeTest - B4: Nhập thông tin nhân viên: firstName='First 925', lastName='Last 90'
[2025-08-11 17:02:20] [main] INFO  scripts.AddEmployeeTest - B5: Xác minh nhân viên được thêm thành công
[2025-08-11 17:02:25] [main] INFO  scripts.AddEmployeeTest - Kết quả kiểm tra URL chứa 'viewPersonalDetails': true
[2025-08-11 17:02:25] [main] INFO  scripts.AddEmployeeTest - === HOÀN THÀNH TEST thành công cho: First 925 Last 90 ===
[2025-08-11 17:02:32] [main] INFO  scripts.AddEmployeeTest - === BẮT ĐẦU TEST: addEmployeeTest với dữ liệu: First 905 Last 603 ===
[2025-08-11 17:02:32] [main] INFO  scripts.AddEmployeeTest - B1: Đăng nhập với tài khoản Admin
[2025-08-11 17:02:32] [main] INFO  scripts.AddEmployeeTest - B2: Điều hướng đến trang PIM
[2025-08-11 17:02:36] [main] INFO  scripts.AddEmployeeTest - B3: Mở trang Add Employee
[2025-08-11 17:02:38] [main] INFO  scripts.AddEmployeeTest - B4: Nhập thông tin nhân viên: firstName='First 905', lastName='Last 603'
[2025-08-11 17:02:39] [main] INFO  scripts.AddEmployeeTest - B5: Xác minh nhân viên được thêm thành công
[2025-08-11 17:02:44] [main] INFO  scripts.AddEmployeeTest - Kết quả kiểm tra URL chứa 'viewPersonalDetails': true
[2025-08-11 17:02:44] [main] INFO  scripts.AddEmployeeTest - === HOÀN THÀNH TEST thành công cho: First 905 Last 603 ===
[2025-08-11 17:02:51] [main] INFO  scripts.AddEmployeeTest - === BẮT ĐẦU TEST: addEmployeeTest với dữ liệu: First 629 Last 682 ===
[2025-08-11 17:02:51] [main] INFO  scripts.AddEmployeeTest - B1: Đăng nhập với tài khoản Admin
[2025-08-11 17:02:53] [main] INFO  scripts.AddEmployeeTest - B2: Điều hướng đến trang PIM
[2025-08-11 17:02:55] [main] INFO  scripts.AddEmployeeTest - B3: Mở trang Add Employee
[2025-08-11 17:02:56] [main] INFO  scripts.AddEmployeeTest - B4: Nhập thông tin nhân viên: firstName='First 629', lastName='Last 682'
[2025-08-11 17:02:57] [main] INFO  scripts.AddEmployeeTest - B5: Xác minh nhân viên được thêm thành công
[2025-08-11 17:03:02] [main] INFO  scripts.AddEmployeeTest - Kết quả kiểm tra URL chứa 'viewPersonalDetails': true
[2025-08-11 17:03:02] [main] INFO  scripts.AddEmployeeTest - === HOÀN THÀNH TEST thành công cho: First 629 Last 682 ===
[2025-08-11 17:03:10] [main] INFO  scripts.AddEmployeeTest - === BẮT ĐẦU TEST: addEmployeeTest với dữ liệu: First 264 Last 223 ===
[2025-08-11 17:03:10] [main] INFO  scripts.AddEmployeeTest - B1: Đăng nhập với tài khoản Admin
[2025-08-11 17:03:12] [main] INFO  scripts.AddEmployeeTest - B2: Điều hướng đến trang PIM
[2025-08-11 17:03:14] [main] INFO  scripts.AddEmployeeTest - B3: Mở trang Add Employee
[2025-08-11 17:03:16] [main] INFO  scripts.AddEmployeeTest - B4: Nhập thông tin nhân viên: firstName='First 264', lastName='Last 223'
[2025-08-11 17:03:17] [main] INFO  scripts.AddEmployeeTest - B5: Xác minh nhân viên được thêm thành công
[2025-08-11 17:03:21] [main] INFO  scripts.AddEmployeeTest - Kết quả kiểm tra URL chứa 'viewPersonalDetails': true
[2025-08-11 17:03:21] [main] INFO  scripts.AddEmployeeTest - === HOÀN THÀNH TEST thành công cho: First 264 Last 223 ===
[2025-08-11 17:03:29] [main] INFO  scripts.AddEmployeeTest - === BẮT ĐẦU TEST: addEmployeeTest với dữ liệu: First 331 Last 986 ===
[2025-08-11 17:03:29] [main] INFO  scripts.AddEmployeeTest - B1: Đăng nhập với tài khoản Admin
[2025-08-11 17:03:30] [main] INFO  scripts.AddEmployeeTest - B2: Điều hướng đến trang PIM
[2025-08-11 17:03:35] [main] INFO  scripts.AddEmployeeTest - B3: Mở trang Add Employee
[2025-08-11 17:03:36] [main] INFO  scripts.AddEmployeeTest - B4: Nhập thông tin nhân viên: firstName='First 331', lastName='Last 986'
[2025-08-11 17:03:37] [main] INFO  scripts.AddEmployeeTest - B5: Xác minh nhân viên được thêm thành công
[2025-08-11 17:03:42] [main] INFO  scripts.AddEmployeeTest - Kết quả kiểm tra URL chứa 'viewPersonalDetails': true
[2025-08-11 17:03:42] [main] INFO  scripts.AddEmployeeTest - === HOÀN THÀNH TEST thành công cho: First 331 Last 986 ===
[2025-08-11 17:03:50] [main] INFO  scripts.AddEmployeeTest - === BẮT ĐẦU TEST: addEmployeeTest với dữ liệu: First 835 Last 465 ===
[2025-08-11 17:03:50] [main] INFO  scripts.AddEmployeeTest - B1: Đăng nhập với tài khoản Admin
[2025-08-11 17:03:52] [main] INFO  scripts.AddEmployeeTest - B2: Điều hướng đến trang PIM
[2025-08-11 17:03:54] [main] INFO  scripts.AddEmployeeTest - B3: Mở trang Add Employee
[2025-08-11 17:03:56] [main] INFO  scripts.AddEmployeeTest - B4: Nhập thông tin nhân viên: firstName='First 835', lastName='Last 465'
[2025-08-11 17:03:57] [main] INFO  scripts.AddEmployeeTest - B5: Xác minh nhân viên được thêm thành công
[2025-08-11 17:04:03] [main] INFO  scripts.AddEmployeeTest - Kết quả kiểm tra URL chứa 'viewPersonalDetails': true
[2025-08-11 17:04:03] [main] INFO  scripts.AddEmployeeTest - === HOÀN THÀNH TEST thành công cho: First 835 Last 465 ===
[2025-08-11 17:04:09] [main] INFO  scripts.AddEmployeeTest - === BẮT ĐẦU TEST: addEmployeeTest với dữ liệu: First 426 Last 880 ===
[2025-08-11 17:04:09] [main] INFO  scripts.AddEmployeeTest - B1: Đăng nhập với tài khoản Admin
[2025-08-11 17:04:09] [main] INFO  scripts.AddEmployeeTest - B2: Điều hướng đến trang PIM
[2025-08-11 17:04:12] [main] INFO  scripts.AddEmployeeTest - B3: Mở trang Add Employee
[2025-08-11 17:04:14] [main] INFO  scripts.AddEmployeeTest - B4: Nhập thông tin nhân viên: firstName='First 426', lastName='Last 880'
[2025-08-11 17:04:15] [main] INFO  scripts.AddEmployeeTest - B5: Xác minh nhân viên được thêm thành công
[2025-08-11 17:04:20] [main] INFO  scripts.AddEmployeeTest - Kết quả kiểm tra URL chứa 'viewPersonalDetails': true
[2025-08-11 17:04:20] [main] INFO  scripts.AddEmployeeTest - === HOÀN THÀNH TEST thành công cho: First 426 Last 880 ===
[2025-08-11 17:04:27] [main] INFO  scripts.AddEmployeeTest - === BẮT ĐẦU TEST: addEmployeeTest với dữ liệu: First 643 Last 362 ===
[2025-08-11 17:04:27] [main] INFO  scripts.AddEmployeeTest - B1: Đăng nhập với tài khoản Admin
[2025-08-11 17:04:29] [main] INFO  scripts.AddEmployeeTest - B2: Điều hướng đến trang PIM
[2025-08-11 17:04:31] [main] INFO  scripts.AddEmployeeTest - B3: Mở trang Add Employee
[2025-08-11 17:04:32] [main] INFO  scripts.AddEmployeeTest - B4: Nhập thông tin nhân viên: firstName='First 643', lastName='Last 362'
[2025-08-11 17:04:33] [main] INFO  scripts.AddEmployeeTest - B5: Xác minh nhân viên được thêm thành công
[2025-08-11 17:04:38] [main] INFO  scripts.AddEmployeeTest - Kết quả kiểm tra URL chứa 'viewPersonalDetails': true
[2025-08-11 17:04:38] [main] INFO  scripts.AddEmployeeTest - === HOÀN THÀNH TEST thành công cho: First 643 Last 362 ===
[2025-08-11 17:04:44] [main] INFO  scripts.AddEmployeeTest - === BẮT ĐẦU TEST: addEmployeeTest với dữ liệu: First 465 Last 985 ===
[2025-08-11 17:04:44] [main] INFO  scripts.AddEmployeeTest - B1: Đăng nhập với tài khoản Admin
[2025-08-11 17:04:46] [main] INFO  scripts.AddEmployeeTest - B2: Điều hướng đến trang PIM
[2025-08-11 17:04:48] [main] INFO  scripts.AddEmployeeTest - B3: Mở trang Add Employee
[2025-08-11 17:04:49] [main] INFO  scripts.AddEmployeeTest - B4: Nhập thông tin nhân viên: firstName='First 465', lastName='Last 985'
[2025-08-11 17:04:50] [main] INFO  scripts.AddEmployeeTest - B5: Xác minh nhân viên được thêm thành công
[2025-08-11 17:04:55] [main] INFO  scripts.AddEmployeeTest - Kết quả kiểm tra URL chứa 'viewPersonalDetails': true
[2025-08-11 17:04:55] [main] INFO  scripts.AddEmployeeTest - === HOÀN THÀNH TEST thành công cho: First 465 Last 985 ===
[2025-08-11 17:05:01] [main] INFO  scripts.AddEmployeeTest - === BẮT ĐẦU TEST: addEmployeeTest với dữ liệu: First 308 Last 82 ===
[2025-08-11 17:05:01] [main] INFO  scripts.AddEmployeeTest - B1: Đăng nhập với tài khoản Admin
[2025-08-11 17:05:02] [main] INFO  scripts.AddEmployeeTest - B2: Điều hướng đến trang PIM
[2025-08-11 17:05:05] [main] INFO  scripts.AddEmployeeTest - B3: Mở trang Add Employee
[2025-08-11 17:05:07] [main] INFO  scripts.AddEmployeeTest - B4: Nhập thông tin nhân viên: firstName='First 308', lastName='Last 82'
[2025-08-11 17:05:08] [main] INFO  scripts.AddEmployeeTest - B5: Xác minh nhân viên được thêm thành công
[2025-08-11 17:05:13] [main] INFO  scripts.AddEmployeeTest - Kết quả kiểm tra URL chứa 'viewPersonalDetails': true
[2025-08-11 17:05:13] [main] INFO  scripts.AddEmployeeTest - === HOÀN THÀNH TEST thành công cho: First 308 Last 82 ===
[2025-08-11 17:06:42] [main] INFO  scripts.AddEmployeeTest - B1: Đăng nhập với tài khoản Admin
[2025-08-11 17:06:42] [main] INFO  scripts.AddEmployeeTest - B2: Điều hướng đến trang PIM
[2025-08-11 17:06:46] [main] INFO  scripts.AddEmployeeTest - B3: Mở trang Add Employee
[2025-08-11 17:06:47] [main] INFO  scripts.AddEmployeeTest - B4: Nhập thông tin nhân viên: firstName='Elijah', lastName='Hernandez'
[2025-08-11 17:06:54] [main] INFO  scripts.AddEmployeeTest - Kết quả thêm Employee': true
[2025-08-11 17:07:02] [main] INFO  scripts.AddEmployeeTest - B1: Đăng nhập với tài khoản Admin
[2025-08-11 17:07:02] [main] INFO  scripts.AddEmployeeTest - B2: Điều hướng đến trang PIM
[2025-08-11 17:07:05] [main] INFO  scripts.AddEmployeeTest - B3: Mở trang Add Employee
[2025-08-11 17:07:07] [main] INFO  scripts.AddEmployeeTest - B4: Nhập thông tin nhân viên: firstName='Abigail', lastName='Brown'
[2025-08-11 17:07:13] [main] INFO  scripts.AddEmployeeTest - Kết quả thêm Employee': true
[2025-08-11 17:07:21] [main] INFO  scripts.AddEmployeeTest - B1: Đăng nhập với tài khoản Admin
[2025-08-11 17:07:23] [main] INFO  scripts.AddEmployeeTest - B2: Điều hướng đến trang PIM
[2025-08-11 17:07:25] [main] INFO  scripts.AddEmployeeTest - B3: Mở trang Add Employee
[2025-08-11 17:07:26] [main] INFO  scripts.AddEmployeeTest - B4: Nhập thông tin nhân viên: firstName='Sophia', lastName='Smith'
[2025-08-11 17:07:32] [main] INFO  scripts.AddEmployeeTest - Kết quả thêm Employee': true
[2025-08-11 17:07:39] [main] INFO  scripts.AddEmployeeTest - B1: Đăng nhập với tài khoản Admin
[2025-08-11 17:07:41] [main] INFO  scripts.AddEmployeeTest - B2: Điều hướng đến trang PIM
[2025-08-11 17:07:44] [main] INFO  scripts.AddEmployeeTest - B3: Mở trang Add Employee
[2025-08-11 17:07:45] [main] INFO  scripts.AddEmployeeTest - B4: Nhập thông tin nhân viên: firstName='James', lastName='Gonzalez'
[2025-08-11 17:07:51] [main] INFO  scripts.AddEmployeeTest - Kết quả thêm Employee': true
[2025-08-11 17:07:58] [main] INFO  scripts.AddEmployeeTest - B1: Đăng nhập với tài khoản Admin
[2025-08-11 17:08:00] [main] INFO  scripts.AddEmployeeTest - B2: Điều hướng đến trang PIM
[2025-08-11 17:08:02] [main] INFO  scripts.AddEmployeeTest - B3: Mở trang Add Employee
[2025-08-11 17:08:45] [main] INFO  scripts.AddEmployeeTest - B1: Đăng nhập với tài khoản Admin
[2025-08-11 17:08:49] [main] INFO  scripts.AddEmployeeTest - B2: Điều hướng đến trang PIM
[2025-08-11 17:08:53] [main] INFO  scripts.AddEmployeeTest - B3: Mở trang Add Employee
[2025-08-11 17:08:57] [main] INFO  scripts.AddEmployeeTest - B4: Đang nhập thông tin: Olivia Gonzalez
[2025-08-11 17:09:04] [main] INFO  scripts.AddEmployeeTest - Kết quả thêm Employee': true
[2025-08-11 17:09:11] [main] INFO  scripts.AddEmployeeTest - B1: Đăng nhập với tài khoản Admin
[2025-08-11 17:09:11] [main] INFO  scripts.AddEmployeeTest - B2: Điều hướng đến trang PIM
[2025-08-11 17:09:14] [main] INFO  scripts.AddEmployeeTest - B3: Mở trang Add Employee
[2025-08-11 17:09:16] [main] INFO  scripts.AddEmployeeTest - B4: Đang nhập thông tin: Liam Brown
[2025-08-11 17:09:23] [main] INFO  scripts.AddEmployeeTest - Kết quả thêm Employee': true
[2025-08-11 17:09:30] [main] INFO  scripts.AddEmployeeTest - B1: Đăng nhập với tài khoản Admin
[2025-08-11 17:09:31] [main] INFO  scripts.AddEmployeeTest - B2: Điều hướng đến trang PIM
[2025-08-11 17:09:33] [main] INFO  scripts.AddEmployeeTest - B3: Mở trang Add Employee
[2025-08-11 17:09:34] [main] INFO  scripts.AddEmployeeTest - B4: Đang nhập thông tin: Noah Martinez
[2025-08-11 17:09:41] [main] INFO  scripts.AddEmployeeTest - Kết quả thêm Employee': true
[2025-08-11 17:09:47] [main] INFO  scripts.AddEmployeeTest - B1: Đăng nhập với tài khoản Admin
[2025-08-11 17:09:49] [main] INFO  scripts.AddEmployeeTest - B2: Điều hướng đến trang PIM
[2025-08-11 17:09:51] [main] INFO  scripts.AddEmployeeTest - B3: Mở trang Add Employee
[2025-08-11 17:09:52] [main] INFO  scripts.AddEmployeeTest - B4: Đang nhập thông tin: Emma Lopez
[2025-08-11 17:09:59] [main] INFO  scripts.AddEmployeeTest - Kết quả thêm Employee': true
[2025-08-11 17:10:06] [main] INFO  scripts.AddEmployeeTest - B1: Đăng nhập với tài khoản Admin
[2025-08-11 17:10:07] [main] INFO  scripts.AddEmployeeTest - B2: Điều hướng đến trang PIM
[2025-08-11 17:10:10] [main] INFO  scripts.AddEmployeeTest - B3: Mở trang Add Employee
[2025-08-11 17:10:11] [main] INFO  scripts.AddEmployeeTest - B4: Đang nhập thông tin: Henry Brown
[2025-08-11 17:10:14] [main] ERROR scripts.AddEmployeeTest - LỖI trong quá trình chạy test với dữ liệu: Henry Brown - Chi tiết lỗi: invalid session id: session deleted as the browser has closed the connection
from disconnected: not connected to DevTools
  (Session info: chrome=138.0.7204.184)
Build info: version: '4.32.0', revision: 'd17c8aa950'
System info: os.name: 'Windows 10', os.arch: 'amd64', os.version: '10.0', java.version: '21.0.8'
Driver info: org.openqa.selenium.chrome.ChromeDriver
Command: [ed78663e2b0db7820eb8366621011a26, findElement {using=xpath, value=//h6[text()='Personal Details']}]
Capabilities {acceptInsecureCerts: false, browserName: chrome, browserVersion: 138.0.7204.184, chrome: {chromedriverVersion: 138.0.7204.183 (e90faf484dd..., userDataDir: C:\Users\DELL\AppData\Local...}, fedcm:accounts: true, goog:chromeOptions: {debuggerAddress: localhost:61567}, networkConnectionEnabled: false, pageLoadStrategy: normal, platformName: windows, proxy: Proxy(), se:cdp: ws://localhost:61567/devtoo..., se:cdpVersion: 138.0.7204.184, setWindowRect: true, strictFileInteractability: false, timeouts: {implicit: 0, pageLoad: 300000, script: 30000}, unhandledPromptBehavior: dismiss and notify, webauthn:extension:credBlob: true, webauthn:extension:largeBlob: true, webauthn:extension:minPinLength: true, webauthn:extension:prf: true, webauthn:virtualAuthenticators: true}
Session ID: ed78663e2b0db7820eb8366621011a26
